2026-02-27T20:06:54.418+07:00  INFO 13345 --- [SpringBootCore] [restartedMain] c.s.S.SpringBootCoreApplication          : Starting SpringBootCoreApplication using Java 21.0.10 with PID 13345 (/home/dev01/projects/All-Tech-Stacks/SpringBootCore/target/classes started by dev01 in /home/dev01/projects/All-Tech-Stacks/SpringBootCore)
2026-02-27T20:06:54.424+07:00  INFO 13345 --- [SpringBootCore] [restartedMain] c.s.S.SpringBootCoreApplication          : No active profile set, falling back to 1 default profile: "default"
2026-02-27T20:06:54.459+07:00  INFO 13345 --- [SpringBootCore] [restartedMain] .e.DevToolsPropertyDefaultsPostProcessor : Devtools property defaults active! Set 'spring.devtools.add-properties' to 'false' to disable
2026-02-27T20:06:54.459+07:00  INFO 13345 --- [SpringBootCore] [restartedMain] .e.DevToolsPropertyDefaultsPostProcessor : For additional web related logging consider setting the 'logging.level.web' property to 'DEBUG'
2026-02-27T20:06:54.478+07:00  INFO 13345 --- [SpringBootCore] [restartedMain] .s.b.d.c.l.DockerComposeLifecycleManager : Using Docker Compose file /home/dev01/projects/All-Tech-Stacks/SpringBootCore/compose.yaml
2026-02-27T20:06:55.140+07:00  INFO 13345 --- [SpringBootCore] [OutputReader-stderr] o.s.boot.docker.compose.core.DockerCli   :  Container springbootcore-postgres-1 Starting 
2026-02-27T20:06:55.647+07:00  INFO 13345 --- [SpringBootCore] [OutputReader-stderr] o.s.boot.docker.compose.core.DockerCli   :  Container springbootcore-postgres-1 Started 
2026-02-27T20:06:55.647+07:00  INFO 13345 --- [SpringBootCore] [OutputReader-stderr] o.s.boot.docker.compose.core.DockerCli   :  Container springbootcore-postgres-1 Waiting 
2026-02-27T20:06:56.156+07:00  INFO 13345 --- [SpringBootCore] [OutputReader-stderr] o.s.boot.docker.compose.core.DockerCli   :  Container springbootcore-postgres-1 Healthy 
2026-02-27T20:06:57.130+07:00  INFO 13345 --- [SpringBootCore] [restartedMain] .s.d.r.c.RepositoryConfigurationDelegate : Bootstrapping Spring Data JPA repositories in DEFAULT mode.
2026-02-27T20:06:57.185+07:00  INFO 13345 --- [SpringBootCore] [restartedMain] .s.d.r.c.RepositoryConfigurationDelegate : Finished Spring Data repository scanning in 43 ms. Found 2 JPA repository interfaces.
2026-02-27T20:06:57.694+07:00  INFO 13345 --- [SpringBootCore] [restartedMain] o.s.boot.tomcat.TomcatWebServer          : Tomcat initialized with port 8080 (http)
2026-02-27T20:06:57.709+07:00  INFO 13345 --- [SpringBootCore] [restartedMain] o.apache.catalina.core.StandardService   : Starting service [Tomcat]
2026-02-27T20:06:57.710+07:00  INFO 13345 --- [SpringBootCore] [restartedMain] o.apache.catalina.core.StandardEngine    : Starting Servlet engine: [Apache Tomcat/11.0.18]
2026-02-27T20:06:57.752+07:00  INFO 13345 --- [SpringBootCore] [restartedMain] b.w.c.s.WebApplicationContextInitializer : Root WebApplicationContext: initialization completed in 1221 ms
2026-02-27T20:06:58.255+07:00  INFO 13345 --- [SpringBootCore] [restartedMain] org.flywaydb.core.FlywayExecutor         : Database: jdbc:postgresql://127.0.0.1:5431/springbootdb?ApplicationName=SpringBootCore (PostgreSQL 18.1)
2026-02-27T20:06:58.332+07:00  INFO 13345 --- [SpringBootCore] [restartedMain] o.f.core.internal.command.DbValidate     : Successfully validated 4 migrations (execution time 00:00.026s)
2026-02-27T20:06:58.362+07:00  INFO 13345 --- [SpringBootCore] [restartedMain] o.f.core.internal.command.DbMigrate      : Current version of schema "public": 4
2026-02-27T20:06:58.367+07:00  INFO 13345 --- [SpringBootCore] [restartedMain] o.f.core.internal.command.DbMigrate      : Schema "public" is up to date. No migration necessary.
2026-02-27T20:06:58.444+07:00  INFO 13345 --- [SpringBootCore] [restartedMain] org.hibernate.orm.jpa                    : HHH008540: Processing PersistenceUnitInfo [name: default]
2026-02-27T20:06:58.511+07:00  INFO 13345 --- [SpringBootCore] [restartedMain] org.hibernate.orm.core                   : HHH000001: Hibernate ORM core version 7.2.4.Final
2026-02-27T20:06:58.897+07:00  INFO 13345 --- [SpringBootCore] [restartedMain] o.s.o.j.p.SpringPersistenceUnitInfo      : No LoadTimeWeaver setup: ignoring JPA class transformer
2026-02-27T20:06:58.929+07:00  INFO 13345 --- [SpringBootCore] [restartedMain] com.zaxxer.hikari.HikariDataSource       : HikariPool-1 - Starting...
2026-02-27T20:06:58.952+07:00  INFO 13345 --- [SpringBootCore] [restartedMain] com.zaxxer.hikari.pool.HikariPool        : HikariPool-1 - Added connection org.postgresql.jdbc.PgConnection@5cc6cba0
2026-02-27T20:06:58.953+07:00  INFO 13345 --- [SpringBootCore] [restartedMain] com.zaxxer.hikari.HikariDataSource       : HikariPool-1 - Start completed.
2026-02-27T20:06:59.006+07:00  INFO 13345 --- [SpringBootCore] [restartedMain] org.hibernate.orm.connections.pooling    : HHH10001005: Database info:
	Database JDBC URL [jdbc:postgresql://127.0.0.1:5431/springbootdb?ApplicationName=SpringBootCore]
	Database driver: PostgreSQL JDBC Driver
	Database dialect: PostgreSQLDialect
	Database version: 18.1
	Default catalog/schema: springbootdb/public
	Autocommit mode: undefined/unknown
	Isolation level: READ_COMMITTED [default READ_COMMITTED]
	JDBC fetch size: none
	Pool: DataSourceConnectionProvider
	Minimum pool size: undefined/unknown
	Maximum pool size: undefined/unknown
2026-02-27T20:06:59.843+07:00  INFO 13345 --- [SpringBootCore] [restartedMain] org.hibernate.orm.core                   : HHH000489: No JTA platform available (set 'hibernate.transaction.jta.platform' to enable JTA platform integration)
2026-02-27T20:06:59.896+07:00  INFO 13345 --- [SpringBootCore] [restartedMain] j.LocalContainerEntityManagerFactoryBean : Initialized JPA EntityManagerFactory for persistence unit 'default'
2026-02-27T20:06:59.950+07:00  INFO 13345 --- [SpringBootCore] [restartedMain] o.s.d.j.r.query.QueryEnhancerFactories   : Hibernate is in classpath; If applicable, HQL parser will be used.
2026-02-27T20:07:00.175+07:00  WARN 13345 --- [SpringBootCore] [restartedMain] JpaBaseConfiguration$JpaWebConfiguration : spring.jpa.open-in-view is enabled by default. Therefore, database queries may be performed during view rendering. Explicitly configure spring.jpa.open-in-view to disable this warning
2026-02-27T20:07:00.230+07:00  WARN 13345 --- [SpringBootCore] [restartedMain] .s.a.UserDetailsServiceAutoConfiguration : 

Using generated security password: e7bc73da-11a2-4777-9449-1c61721b0ee5

This generated password is for development use only. Your security configuration must be updated before running your application in production.

2026-02-27T20:07:00.236+07:00  INFO 13345 --- [SpringBootCore] [restartedMain] r$InitializeUserDetailsManagerConfigurer : Global AuthenticationManager configured with UserDetailsService bean with name inMemoryUserDetailsManager
2026-02-27T20:07:00.522+07:00  INFO 13345 --- [SpringBootCore] [restartedMain] o.s.b.h.a.H2ConsoleAutoConfiguration     : H2 console available at '/h2-console'. Database available at 'jdbc:postgresql://127.0.0.1:5431/springbootdb?ApplicationName=SpringBootCore'
2026-02-27T20:07:00.561+07:00  INFO 13345 --- [SpringBootCore] [restartedMain] o.s.boot.tomcat.TomcatWebServer          : Tomcat started on port 8080 (http) with context path '/springbootcore'
2026-02-27T20:07:00.566+07:00  INFO 13345 --- [SpringBootCore] [restartedMain] c.s.S.SpringBootCoreApplication          : Started SpringBootCoreApplication in 6.499 seconds (process running for 6.915)
2026-02-27T20:07:24.236+07:00  INFO 13345 --- [SpringBootCore] [File Watcher] rtingClassPathChangeChangedEventListener : Restarting due to 26 class path changes (0 additions, 26 deletions, 0 modifications)
2026-02-27T20:07:24.254+07:00  INFO 13345 --- [SpringBootCore] [Thread-1] o.s.boot.tomcat.GracefulShutdown         : Commencing graceful shutdown. Waiting for active requests to complete
2026-02-27T20:07:24.293+07:00  INFO 13345 --- [SpringBootCore] [tomcat-shutdown] o.s.boot.tomcat.GracefulShutdown         : Graceful shutdown complete
2026-02-27T20:07:24.318+07:00  INFO 13345 --- [SpringBootCore] [Thread-1] j.LocalContainerEntityManagerFactoryBean : Closing JPA EntityManagerFactory for persistence unit 'default'
2026-02-27T20:07:24.324+07:00  INFO 13345 --- [SpringBootCore] [Thread-1] com.zaxxer.hikari.HikariDataSource       : HikariPool-1 - Shutdown initiated...
2026-02-27T20:07:24.329+07:00  INFO 13345 --- [SpringBootCore] [Thread-1] com.zaxxer.hikari.HikariDataSource       : HikariPool-1 - Shutdown completed.
2026-02-27T20:07:28.794+07:00  INFO 13345 --- [SpringBootCore] [restartedMain] c.s.S.SpringBootCoreApplication          : Starting SpringBootCoreApplication using Java 21.0.10 with PID 13345 (/home/dev01/projects/All-Tech-Stacks/SpringBootCore/target/classes started by dev01 in /home/dev01/projects/All-Tech-Stacks/SpringBootCore)
2026-02-27T20:07:28.797+07:00  INFO 13345 --- [SpringBootCore] [restartedMain] c.s.S.SpringBootCoreApplication          : No active profile set, falling back to 1 default profile: "default"
2026-02-27T20:07:28.807+07:00  INFO 13345 --- [SpringBootCore] [restartedMain] .s.b.d.c.l.DockerComposeLifecycleManager : Using Docker Compose file /home/dev01/projects/All-Tech-Stacks/SpringBootCore/compose.yaml
2026-02-27T20:07:29.726+07:00  INFO 13345 --- [SpringBootCore] [restartedMain] .s.b.d.c.l.DockerComposeLifecycleManager : There are already Docker Compose services running, skipping startup
2026-02-27T20:07:30.080+07:00  INFO 13345 --- [SpringBootCore] [restartedMain] .s.d.r.c.RepositoryConfigurationDelegate : Bootstrapping Spring Data JPA repositories in DEFAULT mode.
2026-02-27T20:07:30.095+07:00  INFO 13345 --- [SpringBootCore] [restartedMain] .s.d.r.c.RepositoryConfigurationDelegate : Finished Spring Data repository scanning in 13 ms. Found 2 JPA repository interfaces.
2026-02-27T20:07:30.313+07:00  INFO 13345 --- [SpringBootCore] [restartedMain] o.s.boot.tomcat.TomcatWebServer          : Tomcat initialized with port 8080 (http)
2026-02-27T20:07:30.314+07:00  INFO 13345 --- [SpringBootCore] [restartedMain] o.apache.catalina.core.StandardService   : Starting service [Tomcat]
2026-02-27T20:07:30.315+07:00  INFO 13345 --- [SpringBootCore] [restartedMain] o.apache.catalina.core.StandardEngine    : Starting Servlet engine: [Apache Tomcat/11.0.18]
2026-02-27T20:07:30.332+07:00  INFO 13345 --- [SpringBootCore] [restartedMain] b.w.c.s.WebApplicationContextInitializer : Root WebApplicationContext: initialization completed in 602 ms
2026-02-27T20:07:30.471+07:00  INFO 13345 --- [SpringBootCore] [restartedMain] org.flywaydb.core.FlywayExecutor         : Database: jdbc:postgresql://127.0.0.1:5431/springbootdb?ApplicationName=SpringBootCore (PostgreSQL 18.1)
2026-02-27T20:07:30.514+07:00  INFO 13345 --- [SpringBootCore] [restartedMain] o.f.core.internal.command.DbValidate     : Successfully validated 4 migrations (execution time 00:00.012s)
2026-02-27T20:07:30.581+07:00  INFO 13345 --- [SpringBootCore] [restartedMain] o.f.core.internal.command.DbMigrate      : Current version of schema "public": 4
2026-02-27T20:07:30.583+07:00  INFO 13345 --- [SpringBootCore] [restartedMain] o.f.core.internal.command.DbMigrate      : Schema "public" is up to date. No migration necessary.
2026-02-27T20:07:30.630+07:00  INFO 13345 --- [SpringBootCore] [restartedMain] org.hibernate.orm.jpa                    : HHH008540: Processing PersistenceUnitInfo [name: default]
2026-02-27T20:07:30.694+07:00  INFO 13345 --- [SpringBootCore] [restartedMain] o.s.o.j.p.SpringPersistenceUnitInfo      : No LoadTimeWeaver setup: ignoring JPA class transformer
2026-02-27T20:07:30.697+07:00  INFO 13345 --- [SpringBootCore] [restartedMain] com.zaxxer.hikari.HikariDataSource       : HikariPool-3 - Starting...
2026-02-27T20:07:30.731+07:00  INFO 13345 --- [SpringBootCore] [restartedMain] com.zaxxer.hikari.pool.HikariPool        : HikariPool-3 - Added connection org.postgresql.jdbc.PgConnection@18bd66e8
2026-02-27T20:07:30.732+07:00  INFO 13345 --- [SpringBootCore] [restartedMain] com.zaxxer.hikari.HikariDataSource       : HikariPool-3 - Start completed.
2026-02-27T20:07:30.742+07:00  INFO 13345 --- [SpringBootCore] [restartedMain] org.hibernate.orm.connections.pooling    : HHH10001005: Database info:
	Database JDBC URL [jdbc:postgresql://127.0.0.1:5431/springbootdb?ApplicationName=SpringBootCore]
	Database driver: PostgreSQL JDBC Driver
	Database dialect: PostgreSQLDialect
	Database version: 18.1
	Default catalog/schema: springbootdb/public
	Autocommit mode: undefined/unknown
	Isolation level: READ_COMMITTED [default READ_COMMITTED]
	JDBC fetch size: none
	Pool: DataSourceConnectionProvider
	Minimum pool size: undefined/unknown
	Maximum pool size: undefined/unknown
2026-02-27T20:07:30.857+07:00  INFO 13345 --- [SpringBootCore] [restartedMain] org.hibernate.orm.core                   : HHH000489: No JTA platform available (set 'hibernate.transaction.jta.platform' to enable JTA platform integration)
2026-02-27T20:07:30.872+07:00  INFO 13345 --- [SpringBootCore] [restartedMain] j.LocalContainerEntityManagerFactoryBean : Initialized JPA EntityManagerFactory for persistence unit 'default'
2026-02-27T20:07:31.012+07:00  WARN 13345 --- [SpringBootCore] [restartedMain] JpaBaseConfiguration$JpaWebConfiguration : spring.jpa.open-in-view is enabled by default. Therefore, database queries may be performed during view rendering. Explicitly configure spring.jpa.open-in-view to disable this warning
2026-02-27T20:07:31.065+07:00  WARN 13345 --- [SpringBootCore] [restartedMain] .s.a.UserDetailsServiceAutoConfiguration : 

Using generated security password: 9d57410b-c992-4c75-bb0a-db671d38c9e9

This generated password is for development use only. Your security configuration must be updated before running your application in production.

2026-02-27T20:07:31.068+07:00  INFO 13345 --- [SpringBootCore] [restartedMain] r$InitializeUserDetailsManagerConfigurer : Global AuthenticationManager configured with UserDetailsService bean with name inMemoryUserDetailsManager
2026-02-27T20:07:31.257+07:00  INFO 13345 --- [SpringBootCore] [restartedMain] o.s.b.h.a.H2ConsoleAutoConfiguration     : H2 console available at '/h2-console'. Database available at 'jdbc:postgresql://127.0.0.1:5431/springbootdb?ApplicationName=SpringBootCore'
2026-02-27T20:07:31.278+07:00  INFO 13345 --- [SpringBootCore] [restartedMain] o.s.boot.tomcat.TomcatWebServer          : Tomcat started on port 8080 (http) with context path '/springbootcore'
2026-02-27T20:07:31.282+07:00  INFO 13345 --- [SpringBootCore] [restartedMain] c.s.S.SpringBootCoreApplication          : Started SpringBootCoreApplication in 2.57 seconds (process running for 35.391)
2026-02-27T20:07:31.284+07:00  INFO 13345 --- [SpringBootCore] [restartedMain] .ConditionEvaluationDeltaLoggingListener : Condition evaluation unchanged
2026-02-27T20:08:44.996+07:00  INFO 13345 --- [SpringBootCore] [File Watcher] rtingClassPathChangeChangedEventListener : Restarting due to 26 class path changes (0 additions, 0 deletions, 26 modifications)
2026-02-27T20:08:44.998+07:00  INFO 13345 --- [SpringBootCore] [Thread-33] o.s.boot.tomcat.GracefulShutdown         : Commencing graceful shutdown. Waiting for active requests to complete
2026-02-27T20:08:45.000+07:00  INFO 13345 --- [SpringBootCore] [tomcat-shutdown] o.s.boot.tomcat.GracefulShutdown         : Graceful shutdown complete
2026-02-27T20:08:45.003+07:00  INFO 13345 --- [SpringBootCore] [Thread-33] j.LocalContainerEntityManagerFactoryBean : Closing JPA EntityManagerFactory for persistence unit 'default'
2026-02-27T20:08:45.003+07:00  INFO 13345 --- [SpringBootCore] [Thread-33] com.zaxxer.hikari.HikariDataSource       : HikariPool-3 - Shutdown initiated...
2026-02-27T20:08:45.005+07:00  INFO 13345 --- [SpringBootCore] [Thread-33] com.zaxxer.hikari.HikariDataSource       : HikariPool-3 - Shutdown completed.
2026-02-27T20:08:45.064+07:00  INFO 13345 --- [SpringBootCore] [restartedMain] c.s.S.SpringBootCoreApplication          : Starting SpringBootCoreApplication using Java 21.0.10 with PID 13345 (/home/dev01/projects/All-Tech-Stacks/SpringBootCore/target/classes started by dev01 in /home/dev01/projects/All-Tech-Stacks/SpringBootCore)
2026-02-27T20:08:45.065+07:00  INFO 13345 --- [SpringBootCore] [restartedMain] c.s.S.SpringBootCoreApplication          : No active profile set, falling back to 1 default profile: "default"
2026-02-27T20:08:45.067+07:00  INFO 13345 --- [SpringBootCore] [restartedMain] .s.b.d.c.l.DockerComposeLifecycleManager : Using Docker Compose file /home/dev01/projects/All-Tech-Stacks/SpringBootCore/compose.yaml
2026-02-27T20:08:45.397+07:00  INFO 13345 --- [SpringBootCore] [restartedMain] .s.b.d.c.l.DockerComposeLifecycleManager : There are already Docker Compose services running, skipping startup
2026-02-27T20:08:45.619+07:00  INFO 13345 --- [SpringBootCore] [restartedMain] .s.d.r.c.RepositoryConfigurationDelegate : Bootstrapping Spring Data JPA repositories in DEFAULT mode.
2026-02-27T20:08:45.626+07:00  INFO 13345 --- [SpringBootCore] [restartedMain] .s.d.r.c.RepositoryConfigurationDelegate : Finished Spring Data repository scanning in 5 ms. Found 2 JPA repository interfaces.
2026-02-27T20:08:45.699+07:00  INFO 13345 --- [SpringBootCore] [restartedMain] o.s.boot.tomcat.TomcatWebServer          : Tomcat initialized with port 8080 (http)
2026-02-27T20:08:45.700+07:00  INFO 13345 --- [SpringBootCore] [restartedMain] o.apache.catalina.core.StandardService   : Starting service [Tomcat]
2026-02-27T20:08:45.700+07:00  INFO 13345 --- [SpringBootCore] [restartedMain] o.apache.catalina.core.StandardEngine    : Starting Servlet engine: [Apache Tomcat/11.0.18]
2026-02-27T20:08:45.708+07:00  INFO 13345 --- [SpringBootCore] [restartedMain] b.w.c.s.WebApplicationContextInitializer : Root WebApplicationContext: initialization completed in 310 ms
2026-02-27T20:08:45.760+07:00  INFO 13345 --- [SpringBootCore] [restartedMain] org.flywaydb.core.FlywayExecutor         : Database: jdbc:postgresql://127.0.0.1:5431/springbootdb?ApplicationName=SpringBootCore (PostgreSQL 18.1)
2026-02-27T20:08:45.774+07:00  INFO 13345 --- [SpringBootCore] [restartedMain] o.f.core.internal.command.DbValidate     : Successfully validated 4 migrations (execution time 00:00.004s)
2026-02-27T20:08:45.799+07:00  INFO 13345 --- [SpringBootCore] [restartedMain] o.f.core.internal.command.DbMigrate      : Current version of schema "public": 4
2026-02-27T20:08:45.801+07:00  INFO 13345 --- [SpringBootCore] [restartedMain] o.f.core.internal.command.DbMigrate      : Schema "public" is up to date. No migration necessary.
2026-02-27T20:08:45.813+07:00  INFO 13345 --- [SpringBootCore] [restartedMain] org.hibernate.orm.jpa                    : HHH008540: Processing PersistenceUnitInfo [name: default]
2026-02-27T20:08:45.837+07:00  INFO 13345 --- [SpringBootCore] [restartedMain] o.s.o.j.p.SpringPersistenceUnitInfo      : No LoadTimeWeaver setup: ignoring JPA class transformer
2026-02-27T20:08:45.838+07:00  INFO 13345 --- [SpringBootCore] [restartedMain] com.zaxxer.hikari.HikariDataSource       : HikariPool-4 - Starting...
2026-02-27T20:08:45.862+07:00  INFO 13345 --- [SpringBootCore] [restartedMain] com.zaxxer.hikari.pool.HikariPool        : HikariPool-4 - Added connection org.postgresql.jdbc.PgConnection@7fd5ca9
2026-02-27T20:08:45.863+07:00  INFO 13345 --- [SpringBootCore] [restartedMain] com.zaxxer.hikari.HikariDataSource       : HikariPool-4 - Start completed.
2026-02-27T20:08:45.869+07:00  INFO 13345 --- [SpringBootCore] [restartedMain] org.hibernate.orm.connections.pooling    : HHH10001005: Database info:
	Database JDBC URL [jdbc:postgresql://127.0.0.1:5431/springbootdb?ApplicationName=SpringBootCore]
	Database driver: PostgreSQL JDBC Driver
	Database dialect: PostgreSQLDialect
	Database version: 18.1
	Default catalog/schema: springbootdb/public
	Autocommit mode: undefined/unknown
	Isolation level: READ_COMMITTED [default READ_COMMITTED]
	JDBC fetch size: none
	Pool: DataSourceConnectionProvider
	Minimum pool size: undefined/unknown
	Maximum pool size: undefined/unknown
2026-02-27T20:08:45.915+07:00  INFO 13345 --- [SpringBootCore] [restartedMain] org.hibernate.orm.core                   : HHH000489: No JTA platform available (set 'hibernate.transaction.jta.platform' to enable JTA platform integration)
2026-02-27T20:08:45.924+07:00  INFO 13345 --- [SpringBootCore] [restartedMain] j.LocalContainerEntityManagerFactoryBean : Initialized JPA EntityManagerFactory for persistence unit 'default'
2026-02-27T20:08:45.980+07:00  WARN 13345 --- [SpringBootCore] [restartedMain] JpaBaseConfiguration$JpaWebConfiguration : spring.jpa.open-in-view is enabled by default. Therefore, database queries may be performed during view rendering. Explicitly configure spring.jpa.open-in-view to disable this warning
2026-02-27T20:08:45.995+07:00  WARN 13345 --- [SpringBootCore] [restartedMain] .s.a.UserDetailsServiceAutoConfiguration : 

Using generated security password: 68adb642-38b3-4e96-b92b-7c2b647f70a5

This generated password is for development use only. Your security configuration must be updated before running your application in production.

2026-02-27T20:08:45.995+07:00  INFO 13345 --- [SpringBootCore] [restartedMain] r$InitializeUserDetailsManagerConfigurer : Global AuthenticationManager configured with UserDetailsService bean with name inMemoryUserDetailsManager
2026-02-27T20:08:46.062+07:00  INFO 13345 --- [SpringBootCore] [restartedMain] o.s.b.h.a.H2ConsoleAutoConfiguration     : H2 console available at '/h2-console'. Database available at 'jdbc:postgresql://127.0.0.1:5431/springbootdb?ApplicationName=SpringBootCore'
2026-02-27T20:08:46.072+07:00  INFO 13345 --- [SpringBootCore] [restartedMain] o.s.boot.tomcat.TomcatWebServer          : Tomcat started on port 8080 (http) with context path '/springbootcore'
2026-02-27T20:08:46.073+07:00  INFO 13345 --- [SpringBootCore] [restartedMain] c.s.S.SpringBootCoreApplication          : Started SpringBootCoreApplication in 1.023 seconds (process running for 105.929)
2026-02-27T20:08:46.074+07:00  INFO 13345 --- [SpringBootCore] [restartedMain] .ConditionEvaluationDeltaLoggingListener : Condition evaluation unchanged
2026-02-27T20:17:57.950+07:00  INFO 13345 --- [SpringBootCore] [http-nio-8080-exec-1] o.a.c.c.C.[.[.[/springbootcore]          : Initializing Spring DispatcherServlet 'dispatcherServlet'
2026-02-27T20:17:57.951+07:00  INFO 13345 --- [SpringBootCore] [http-nio-8080-exec-1] o.s.web.servlet.DispatcherServlet        : Initializing Servlet 'dispatcherServlet'
2026-02-27T20:17:57.954+07:00  INFO 13345 --- [SpringBootCore] [http-nio-8080-exec-1] o.s.web.servlet.DispatcherServlet        : Completed initialization in 2 ms
